<?xml version="1.0" encoding="UTF-8"?>
<!-- Generated by org.testng.reporters.JUnitXMLReporter -->
<testsuite hostname="LAPTOP-E9DP2LG2" ignored="0" name="Default test" tests="5" failures="0" timestamp="15 Jun 2019 13:32:48 GMT" time="68.546" errors="0">
  <testcase name="addEmployee" time="8.283" classname="com.syntax.testcases.AddLocationPateTestWithExcel"/>
  <testcase name="addEmployee" time="8.299" classname="com.syntax.testcases.AddLocationPateTestWithExcel"/>
  <testcase name="addEmployee" time="9.197" classname="com.syntax.testcases.AddLocationPateTestWithExcel"/>
  <testcase name="addEmployee" time="9.644" classname="com.syntax.testcases.AddLocationPateTestWithExcel"/>
  <testcase name="addEmployee" time="8.66" classname="com.syntax.testcases.AddLocationPateTestWithExcel"/>
</testsuite> <!-- Default test -->
