<?xml version="1.0" encoding="UTF-8"?>
<!-- Generated by org.testng.reporters.JUnitXMLReporter -->
<testsuite hostname="LAPTOP-E9DP2LG2" ignored="0" name="Default test" tests="10" failures="0" timestamp="15 Jun 2019 18:24:03 GMT" time="148.456" errors="0">
  <testcase name="addEmployee" time="10.633" classname="com.syntax.testcases.AddEmployeePageTest4"/>
  <testcase name="addEmployee" time="9.916" classname="com.syntax.testcases.AddEmployeePageTest4"/>
  <testcase name="addEmployee" time="10.345" classname="com.syntax.testcases.AddEmployeePageTest4"/>
  <testcase name="addEmployee" time="8.884" classname="com.syntax.testcases.AddEmployeePageTest4"/>
  <testcase name="addEmployee" time="9.879" classname="com.syntax.testcases.AddEmployeePageTest4"/>
  <testcase name="addEmployee" time="9.054" classname="com.syntax.testcases.AddEmployeePageTest4"/>
  <testcase name="addEmployee" time="8.825" classname="com.syntax.testcases.AddEmployeePageTest4"/>
  <testcase name="addEmployee" time="10.056" classname="com.syntax.testcases.AddEmployeePageTest4"/>
  <testcase name="addEmployee" time="9.721" classname="com.syntax.testcases.AddEmployeePageTest4"/>
  <testcase name="addEmployee" time="10.097" classname="com.syntax.testcases.AddEmployeePageTest4"/>
</testsuite> <!-- Default test -->
