<?xml version="1.0" encoding="UTF-8"?>
<!-- Generated by org.testng.reporters.JUnitXMLReporter -->
<testsuite hostname="LAPTOP-E9DP2LG2" ignored="8" name="Regression Test" tests="11" failures="0" timestamp="16 Jun 2019 15:21:47 GMT" time="158.153" errors="0">
  <testcase name="addEmployee" time="10.131" classname="com.syntax.testcases.AddEmployeePageTest4"/>
  <testcase name="addEmployee" time="9.81" classname="com.syntax.testcases.AddEmployeePageTest4"/>
  <testcase name="addEmployee" time="10.294" classname="com.syntax.testcases.AddEmployeePageTest4"/>
  <testcase name="addEmployee" time="9.504" classname="com.syntax.testcases.AddEmployeePageTest4"/>
  <testcase name="addEmployee" time="9.844" classname="com.syntax.testcases.AddEmployeePageTest4"/>
  <testcase name="addEmployee" time="9.896" classname="com.syntax.testcases.AddEmployeePageTest4"/>
  <testcase name="addEmployee" time="10.073" classname="com.syntax.testcases.AddEmployeePageTest4"/>
  <testcase name="addEmployee" time="10.037" classname="com.syntax.testcases.AddEmployeePageTest4"/>
  <testcase name="addEmployee" time="9.63" classname="com.syntax.testcases.AddEmployeePageTest4"/>
  <testcase name="addEmployee" time="10.11" classname="com.syntax.testcases.AddEmployeePageTest4"/>
  <testcase name="negativeLogin" time="2.068" classname="com.syntax.testcases.LoginPageTest"/>
  <testcase name="readExcel" time="0.0" classname="com.syntax.testcases.ExcelDemo">
    <ignored/>
  </testcase> <!-- readExcel -->
  <testcase name="doLogin" time="0.0" classname="com.syntax.testcases.LoginPageTest">
    <ignored/>
  </testcase> <!-- doLogin -->
  <testcase name="addEmployee" time="0.0" classname="com.syntax.testcases.AddEmployeePageTest">
    <ignored/>
  </testcase> <!-- addEmployee -->
  <testcase name="addEmployee" time="0.0" classname="com.syntax.testcases.AddLocationPageTest">
    <ignored/>
  </testcase> <!-- addEmployee -->
  <testcase name="addEmployee" time="0.0" classname="com.syntax.testcases.AddLocationPateTestWithExcel">
    <ignored/>
  </testcase> <!-- addEmployee -->
  <testcase name="addEmployee" time="0.0" classname="com.syntax.testcases.AddEmployeePageTest2">
    <ignored/>
  </testcase> <!-- addEmployee -->
  <testcase name="addEmployee" time="0.0" classname="com.syntax.testcases.AddEmployeePageTest3">
    <ignored/>
  </testcase> <!-- addEmployee -->
  <testcase name="loginToOrangeHRM" time="0.0" classname="com.syntax.testcases.LoginPageTest">
    <ignored/>
  </testcase> <!-- loginToOrangeHRM -->
</testsuite> <!-- Regression Test -->
